WARNING:root:selection.py
WARNING:root:oneLayover.py
WARNING:root:50
WARNING:root:AA9419
WARNING:root:16
WARNING:root:100
WARNING:root:AA2823
WARNING:root:AA3420
WARNING:root:8
WARNING:root:14
WARNING:root:50
WARNING:root:selection.py
WARNING:root:oneLayover.py
WARNING:root:<class 'str'>
WARNING:root:<class 'str'>
WARNING:root:<class 'str'>
WARNING:root:<class 'str'>
WARNING:root:<class 'str'>
WARNING:root:<class 'str'>
WARNING:root:<class 'str'>
WARNING:root:<class 'str'>
WARNING:root:<class 'str'>
WARNING:root:selection.py
WARNING:root:oneLayover.py
WARNING:root:<class 'int'>
WARNING:root:<class 'str'>
WARNING:root:<class 'int'>
WARNING:root:<class 'int'>
WARNING:root:<class 'str'>
WARNING:root:<class 'str'>
WARNING:root:<class 'int'>
WARNING:root:<class 'int'>
WARNING:root:<class 'int'>
WARNING:root:selection.py
WARNING:root:oneLayover.py
WARNING:root:<class 'int'>
WARNING:root:<class 'str'>
WARNING:root:<class 'int'>
WARNING:root:<class 'int'>
WARNING:root:<class 'str'>
WARNING:root:<class 'str'>
WARNING:root:<class 'int'>
WARNING:root:<class 'int'>
WARNING:root:<class 'int'>
WARNING:root:selection.py
WARNING:root:here
WARNING:root:oneLayover.py
WARNING:root:<class 'int'>
WARNING:root:<class 'str'>
WARNING:root:<class 'int'>
WARNING:root:<class 'int'>
WARNING:root:<class 'str'>
WARNING:root:<class 'str'>
WARNING:root:<class 'str'>
WARNING:root:<class 'int'>
WARNING:root:<class 'int'>
WARNING:root:<class 'int'>
WARNING:root:<class 'int'>
WARNING:root:selection.py
WARNING:root:here
WARNING:root:twoLayover.py
WARNING:root:<class 'int'>
WARNING:root:<class 'str'>
WARNING:root:<class 'int'>
WARNING:root:<class 'int'>
WARNING:root:<class 'str'>
WARNING:root:<class 'str'>
WARNING:root:<class 'str'>
WARNING:root:<class 'int'>
WARNING:root:<class 'int'>
WARNING:root:<class 'int'>
WARNING:root:<class 'int'>
WARNING:root:selection.py
WARNING:root:here
WARNING:root:threeLayover.py
WARNING:root:<class 'int'>
WARNING:root:<class 'str'>
WARNING:root:<class 'int'>
WARNING:root:<class 'int'>
WARNING:root:<class 'str'>
WARNING:root:<class 'str'>
WARNING:root:<class 'str'>
WARNING:root:<class 'str'>
WARNING:root:<class 'int'>
WARNING:root:<class 'int'>
WARNING:root:<class 'int'>
WARNING:root:<class 'int'>
WARNING:root:<class 'int'>
WARNING:root:selection.py
WARNING:root:oneLayover.py
WARNING:root:<class 'int'>
WARNING:root:<class 'str'>
WARNING:root:<class 'int'>
WARNING:root:<class 'int'>
WARNING:root:<class 'str'>
WARNING:root:<class 'str'>
WARNING:root:<class 'int'>
WARNING:root:<class 'int'>
WARNING:root:<class 'int'>
WARNING:root:selection.py
WARNING:root:here
WARNING:root:threeLayover.py
WARNING:root:<class 'int'>
WARNING:root:<class 'str'>
WARNING:root:<class 'int'>
WARNING:root:<class 'int'>
WARNING:root:<class 'str'>
WARNING:root:<class 'str'>
WARNING:root:<class 'str'>
WARNING:root:<class 'str'>
WARNING:root:<class 'int'>
WARNING:root:<class 'int'>
WARNING:root:<class 'int'>
WARNING:root:<class 'int'>
WARNING:root:<class 'int'>
WARNING:root:selection.py
WARNING:root:here
WARNING:root:threeLayover.py
WARNING:root:<class 'int'>
WARNING:root:<class 'str'>
WARNING:root:<class 'int'>
WARNING:root:<class 'int'>
WARNING:root:<class 'str'>
WARNING:root:<class 'str'>
WARNING:root:<class 'str'>
WARNING:root:<class 'str'>
WARNING:root:<class 'int'>
WARNING:root:<class 'int'>
WARNING:root:<class 'int'>
WARNING:root:<class 'int'>
WARNING:root:<class 'int'>
